Configuration on demand is an incubating feature.
> Task :buildSrc:compileJava NO-SOURCE
> Task :buildSrc:compileGroovy UP-TO-DATE
> Task :buildSrc:processResources NO-SOURCE
> Task :buildSrc:classes UP-TO-DATE
> Task :buildSrc:jar UP-TO-DATE
> Task :buildSrc:assemble UP-TO-DATE
> Task :buildSrc:compileTestJava NO-SOURCE
> Task :buildSrc:compileTestGroovy NO-SOURCE
> Task :buildSrc:processTestResources NO-SOURCE
> Task :buildSrc:testClasses UP-TO-DATE
> Task :buildSrc:test NO-SOURCE
> Task :buildSrc:check UP-TO-DATE
> Task :buildSrc:build UP-TO-DATE

> Configure project :plugin
Inferred project: test-retry-plugin, version: 1.5.0-dev.21.uncommitted+nondex.working2.4c6412f

> Task :plugin:compileKotlin UP-TO-DATE
> Task :plugin:compileJava UP-TO-DATE
> Task :plugin:compileGroovy NO-SOURCE
> Task :plugin:pluginDescriptors UP-TO-DATE
> Task :plugin:processResources UP-TO-DATE
> Task :plugin:classes UP-TO-DATE
> Task :plugin:shadowJar UP-TO-DATE
> Task :plugin:generateMetadataFileForPluginMavenPublication
> Task :plugin:generatePomFileForPluginMavenPublication
> Task :plugin:publishPluginMavenPublicationToMavenLocal
> Task :plugin:generatePomFileForPluginPublication
> Task :plugin:publishPluginPublicationToMavenLocal
> Task :plugin:generatePomFileForTestRetryPluginMarkerMavenPublication
> Task :plugin:publishTestRetryPluginMarkerMavenPublicationToMavenLocal
> Task :plugin:publishToMavenLocal

BUILD SUCCESSFUL in 1s
14 actionable tasks: 7 executed, 7 up-to-date

A build scan was not published as you have not authenticated with server 'ge.gradle.org'.
